TN:
SF:src/assets/svg/backgroundSvg.ts
FNF:0
FNH:0
DA:1,15
LF:1
LH:1
BRF:0
BRH:0
end_of_record
TN:
SF:src/common/strings.ts
FNF:0
FNH:0
DA:1,12
LF:1
LH:1
BRF:0
BRH:0
end_of_record
TN:
SF:src/components/Background/Background.tsx
FN:45,(anonymous_0)
FNF:1
FNH:1
FNDA:107,(anonymous_0)
DA:24,15
DA:41,15
DA:44,15
DA:52,107
DA:76,15
LF:5
LH:5
BRF:0
BRH:0
end_of_record
TN:
SF:src/components/Button/BackButton.tsx
FN:9,BackButton
FN:17,(anonymous_1)
FNF:2
FNH:1
FNDA:106,BackButton
FNDA:0,(anonymous_1)
DA:10,106
DA:11,106
DA:17,0
DA:24,15
LF:4
LH:3
BRDA:17,0,0,106
BRDA:17,0,1,92
BRF:2
BRH:2
end_of_record
TN:
SF:src/components/Button/Button.tsx
FN:7,(anonymous_0)
FN:16,(anonymous_1)
FNF:2
FNH:2
FNDA:218,(anonymous_0)
FNDA:218,(anonymous_1)
DA:7,19
DA:16,218
DA:18,218
DA:46,218
DA:47,138
DA:59,80
DA:60,26
DA:72,54
DA:75,218
DA:95,19
LF:10
LH:10
BRDA:9,0,0,59
BRDA:10,1,0,25
BRDA:11,2,0,6
BRDA:12,3,0,217
BRDA:13,4,0,114
BRDA:23,5,0,138
BRDA:23,5,1,80
BRDA:25,6,0,10
BRDA:25,6,1,70
BRDA:35,7,0,218
BRDA:35,7,1,138
BRDA:36,8,0,218
BRDA:36,8,1,54
BRDA:37,9,0,218
BRDA:37,9,1,16
BRDA:38,10,0,218
BRDA:38,10,1,10
BRDA:46,11,0,138
BRDA:46,11,1,80
BRDA:49,12,0,1
BRDA:49,12,1,137
BRDA:59,13,0,26
BRDA:59,13,1,54
BRDA:59,14,0,80
BRDA:59,14,1,64
BRDA:82,15,0,218
BRDA:82,15,1,138
BRDA:83,16,0,218
BRDA:83,16,1,54
BRDA:84,17,0,218
BRDA:84,17,1,16
BRDA:85,18,0,218
BRDA:85,18,1,10
BRDA:86,19,0,218
BRDA:86,19,1,77
BRDA:87,20,0,218
BRDA:87,20,1,1
BRF:37
BRH:37
end_of_record
TN:
SF:src/components/InputField/InputField.tsx
FN:10,InputField
FNF:1
FNH:1
FNDA:46,InputField
DA:23,46
DA:58,7
LF:2
LH:2
BRDA:13,0,0,40
BRDA:17,1,0,46
BRDA:18,2,0,36
BRDA:19,3,0,46
BRDA:20,4,0,46
BRDA:26,5,0,46
BRDA:26,5,1,0
BRDA:37,6,0,46
BRDA:37,6,1,0
BRDA:38,7,0,46
BRDA:38,7,1,0
BRDA:44,8,0,0
BRDA:44,8,1,46
BRF:13
BRH:9
end_of_record
TN:
SF:src/components/Text/Text.tsx
FN:86,Text
FNF:1
FNH:1
FNDA:431,Text
DA:8,20
DA:87,431
DA:92,20
DA:94,20
LF:4
LH:4
BRDA:86,0,0,6
BRF:1
BRH:1
end_of_record
TN:
SF:src/components/WeatherCard/WeatherCard.tsx
FN:13,WeatherCard
FNF:1
FNH:1
FNDA:18,WeatherCard
DA:11,2
DA:20,18
DA:24,18
LF:3
LH:3
BRDA:20,0,0,17
BRDA:20,0,1,1
BRF:2
BRH:2
end_of_record
TN:
SF:src/components/WeatherCard/weatherCardStyles.ts
FNF:0
FNH:0
DA:3,2
LF:1
LH:1
BRF:0
BRH:0
end_of_record
TN:
SF:src/constants/screens.ts
FNF:0
FNH:0
DA:1,15
DA:13,15
DA:26,15
DA:31,15
DA:41,15
LF:5
LH:5
BRF:0
BRH:0
end_of_record
TN:
SF:src/constants/storageConstants.ts
FNF:0
FNH:0
DA:1,1
LF:1
LH:1
BRF:0
BRH:0
end_of_record
TN:
SF:src/contexts/ProfileContext.tsx
FN:18,(anonymous_0)
FN:25,(anonymous_1)
FN:38,(anonymous_2)
FN:42,(anonymous_3)
FN:43,(anonymous_4)
FN:70,(anonymous_5)
FNF:6
FNH:4
FNDA:14,(anonymous_0)
FNDA:0,(anonymous_1)
FNDA:0,(anonymous_2)
FNDA:7,(anonymous_3)
FNDA:7,(anonymous_4)
FNDA:17,(anonymous_5)
DA:16,2
DA:18,2
DA:21,14
DA:22,14
DA:23,14
DA:25,14
DA:26,0
DA:27,0
DA:28,0
DA:29,0
DA:31,0
DA:32,0
DA:34,0
DA:38,14
DA:39,0
DA:42,14
DA:43,7
DA:44,7
DA:45,7
DA:46,0
DA:48,7
DA:50,7
DA:52,7
DA:55,14
DA:70,2
DA:71,17
DA:72,16
DA:73,2
DA:75,14
LF:29
LH:20
BRDA:45,0,0,0
BRDA:45,0,1,7
BRDA:72,1,0,2
BRDA:72,1,1,14
BRF:4
BRH:3
end_of_record
TN:
SF:src/data/appInfoData.ts
FNF:0
FNH:0
DA:4,1
DA:5,1
LF:2
LH:2
BRF:0
BRH:0
end_of_record
TN:
SF:src/data/fishingSpots.ts
FNF:0
FNH:0
DA:1,3
DA:64,3
LF:2
LH:2
BRF:0
BRH:0
end_of_record
TN:
SF:src/data/mockData.ts
FNF:0
FNH:0
DA:1,2
DA:6,2
LF:2
LH:2
BRF:0
BRH:0
end_of_record
TN:
SF:src/navigation/AppNavigation.tsx
FN:11,AppNavigator
FNF:1
FNH:0
FNDA:0,AppNavigator
DA:9,0
DA:13,0
LF:2
LH:0
BRF:0
BRH:0
end_of_record
TN:
SF:src/navigation/LoginStackNavigator.tsx
FN:15,LoginStackNavigator
FNF:1
FNH:0
FNDA:0,LoginStackNavigator
DA:13,0
DA:16,0
LF:2
LH:0
BRF:0
BRH:0
end_of_record
TN:
SF:src/navigation/MainStackNavigator.tsx
FN:16,MainStackNavigator
FNF:1
FNH:0
FNDA:0,MainStackNavigator
DA:14,0
DA:17,0
LF:2
LH:0
BRF:0
BRH:0
end_of_record
TN:
SF:src/navigation/RootNavigation.tsx
FN:8,resetToMain
FN:19,resetToLogin
FNF:2
FNH:0
FNDA:0,resetToMain
FNDA:0,resetToLogin
DA:6,0
DA:9,0
DA:10,0
DA:20,0
DA:21,0
LF:5
LH:0
BRDA:9,0,0,0
BRDA:9,0,1,0
BRDA:20,1,0,0
BRDA:20,1,1,0
BRF:4
BRH:0
end_of_record
TN:
SF:src/navigation/TripStackNavigator.tsx
FN:15,TripStackNavigator
FNF:1
FNH:0
FNDA:0,TripStackNavigator
DA:13,0
DA:16,0
LF:2
LH:0
BRF:0
BRH:0
end_of_record
TN:
SF:src/screens/AppInformation/AppInformation.tsx
FN:14,AppFeaturesScreen
FN:37,(anonymous_1)
FN:63,(anonymous_2)
FNF:3
FNH:3
FNDA:4,AppFeaturesScreen
FNDA:20,(anonymous_1)
FNDA:1,(anonymous_2)
DA:15,4
DA:17,4
DA:38,20
DA:64,1
LF:4
LH:4
BRF:0
BRH:0
end_of_record
TN:
SF:src/screens/AppInformation/appInfoStyles.ts
FNF:0
FNH:0
DA:4,1
LF:1
LH:1
BRF:0
BRH:0
end_of_record
TN:
SF:src/screens/CatchHistory/CatchHistoryScreen.tsx
FN:25,CatchHistoryScreen
FN:30,(anonymous_1)
FN:31,(anonymous_2)
FN:40,(anonymous_3)
FN:44,(anonymous_4)
FN:132,(anonymous_5)
FNF:6
FNH:6
FNDA:8,CatchHistoryScreen
FNDA:4,(anonymous_1)
FNDA:4,(anonymous_2)
FNDA:2,(anonymous_3)
FNDA:4,(anonymous_4)
FNDA:6,(anonymous_5)
DA:26,8
DA:27,8
DA:28,7
DA:30,7
DA:31,4
DA:32,4
DA:33,3
DA:34,3
DA:37,4
DA:40,7
DA:41,2
DA:44,7
DA:45,4
DA:92,7
DA:132,6
LF:15
LH:15
BRDA:46,0,0,4
BRDA:46,0,1,4
BRDA:55,1,0,4
BRDA:55,1,1,4
BRDA:63,2,0,4
BRDA:63,2,1,4
BRDA:72,3,0,4
BRDA:72,3,1,4
BRDA:103,4,0,4
BRDA:103,4,1,3
BRDA:114,5,0,1
BRDA:114,5,1,2
BRF:12
BRH:12
end_of_record
TN:
SF:src/screens/CatchHistory/catchHistoryStyles.ts
FNF:0
FNH:0
DA:4,1
LF:1
LH:1
BRF:0
BRH:0
end_of_record
TN:
SF:src/screens/Dashboard/Dashboard.tsx
FN:41,HomeDashboardScreen
FN:60,(anonymous_1)
FN:63,(anonymous_2)
FN:73,(anonymous_3)
FN:74,(anonymous_4)
FN:121,(anonymous_5)
FN:123,(anonymous_6)
FN:132,(anonymous_7)
FN:138,(anonymous_8)
FN:147,(anonymous_9)
FN:151,(anonymous_10)
FN:155,(anonymous_11)
FN:164,(anonymous_12)
FN:197,(anonymous_13)
FN:245,(anonymous_14)
FNF:15
FNH:12
FNDA:15,HomeDashboardScreen
FNDA:7,(anonymous_1)
FNDA:7,(anonymous_2)
FNDA:1,(anonymous_3)
FNDA:1,(anonymous_4)
FNDA:7,(anonymous_5)
FNDA:1,(anonymous_6)
FNDA:2,(anonymous_7)
FNDA:1,(anonymous_8)
FNDA:0,(anonymous_9)
FNDA:0,(anonymous_10)
FNDA:1,(anonymous_11)
FNDA:0,(anonymous_12)
FNDA:1,(anonymous_13)
FNDA:1,(anonymous_14)
DA:42,15
DA:50,14
DA:51,14
DA:52,14
DA:53,14
DA:54,14
DA:56,14
DA:57,14
DA:58,14
DA:60,14
DA:61,7
DA:63,7
DA:64,7
DA:65,7
DA:66,1
DA:67,1
DA:70,6
DA:72,6
DA:74,1
DA:75,1
DA:77,1
DA:82,1
DA:83,1
DA:86,1
DA:96,6
DA:103,6
DA:104,6
DA:106,6
DA:107,6
DA:108,6
DA:118,7
DA:121,14
DA:122,7
DA:123,2
DA:124,1
DA:125,1
DA:127,0
DA:132,2
DA:133,2
DA:138,14
DA:139,1
DA:147,14
DA:151,14
DA:155,14
DA:156,1
DA:165,0
DA:177,14
DA:198,1
DA:246,1
DA:248,1
DA:250,1
LF:51
LH:49
BRDA:53,0,0,14
BRDA:53,0,1,0
BRDA:61,1,0,0
BRDA:61,1,1,7
BRDA:65,2,0,1
BRDA:65,2,1,6
BRDA:75,3,0,0
BRDA:75,3,1,1
BRDA:82,4,0,1
BRDA:82,4,1,0
BRDA:90,5,0,1
BRDA:90,5,1,0
BRDA:122,6,0,2
BRDA:122,6,1,5
BRDA:140,7,0,1
BRDA:140,7,1,1
BRDA:140,7,2,1
BRDA:140,7,3,1
BRDA:184,8,0,14
BRDA:184,8,1,4
BRDA:191,9,0,14
BRDA:191,9,1,10
BRDA:221,10,0,7
BRDA:221,10,1,7
BRDA:228,11,0,6
BRDA:228,11,1,1
BRDA:248,12,0,1
BRDA:248,12,1,1
BRDA:265,13,0,1
BRDA:265,13,1,0
BRDA:285,14,0,1
BRDA:285,14,1,0
BRDA:304,15,0,1
BRDA:304,15,1,1
BRF:34
BRH:27
end_of_record
TN:
SF:src/screens/Dashboard/DashboardHeader.tsx
FN:9,DashboardHeader
FN:17,(anonymous_1)
FN:33,(anonymous_2)
FN:47,(anonymous_3)
FNF:4
FNH:3
FNDA:18,DashboardHeader
FNDA:0,(anonymous_1)
FNDA:1,(anonymous_2)
FNDA:1,(anonymous_3)
DA:14,18
DA:15,18
DA:16,18
DA:17,18
DA:22,18
DA:24,18
DA:30,18
DA:33,1
DA:47,1
LF:9
LH:9
BRDA:24,0,0,0
BRDA:24,0,1,18
BRDA:26,1,0,18
BRDA:26,1,1,0
BRDA:40,2,0,18
BRDA:40,2,1,16
BRDA:51,3,0,18
BRDA:51,3,1,16
BRF:8
BRH:6
end_of_record
TN:
SF:src/screens/Dashboard/TripStartedBanner.tsx
FN:11,TripStartedBanner
FN:18,(anonymous_1)
FNF:2
FNH:1
FNDA:4,TripStartedBanner
FNDA:0,(anonymous_1)
DA:16,4
DA:17,4
DA:18,4
DA:22,4
LF:4
LH:4
BRDA:23,0,0,4
BRDA:23,0,1,4
BRDA:38,1,0,4
BRDA:38,1,1,0
BRF:4
BRH:3
end_of_record
TN:
SF:src/screens/Dashboard/dashboardStyles.ts
FNF:0
FNH:0
DA:3,2
LF:1
LH:1
BRF:0
BRH:0
end_of_record
TN:
SF:src/screens/HamburgerMenu/HamburgerMenu.tsx
FN:20,HamburgerMenu
FN:23,(anonymous_1)
FN:29,(anonymous_2)
FN:43,(anonymous_3)
FN:48,(anonymous_4)
FN:53,(anonymous_5)
FN:58,(anonymous_6)
FN:63,(anonymous_7)
FN:67,(anonymous_8)
FN:83,(anonymous_9)
FNF:10
FNH:8
FNDA:3,HamburgerMenu
FNDA:1,(anonymous_1)
FNDA:0,(anonymous_2)
FNDA:1,(anonymous_3)
FNDA:1,(anonymous_4)
FNDA:1,(anonymous_5)
FNDA:1,(anonymous_6)
FNDA:1,(anonymous_7)
FNDA:0,(anonymous_8)
FNDA:15,(anonymous_9)
DA:18,1
DA:21,3
DA:23,3
DA:24,1
DA:25,1
DA:26,1
DA:29,3
DA:30,0
DA:31,0
DA:39,3
DA:43,1
DA:48,1
DA:53,1
DA:58,1
DA:63,1
DA:67,3
DA:68,0
DA:71,3
DA:84,15
LF:19
LH:16
BRF:0
BRH:0
end_of_record
TN:
SF:src/screens/HamburgerMenu/hamburgerMenuStyles.ts
FNF:0
FNH:0
DA:4,1
LF:1
LH:1
BRDA:15,0,0,1
BRDA:15,0,1,0
BRF:2
BRH:1
end_of_record
TN:
SF:src/screens/HelpfulLinks/HelpFulLinksScreen.tsx
FN:16,HelpfulLinksScreen
FN:17,(anonymous_1)
FN:77,(anonymous_2)
FN:85,(anonymous_3)
FN:88,(anonymous_4)
FNF:5
FNH:5
FNDA:2,HelpfulLinksScreen
FNDA:3,(anonymous_1)
FNDA:6,(anonymous_2)
FNDA:10,(anonymous_3)
FNDA:3,(anonymous_4)
DA:17,3
DA:19,2
DA:68,2
DA:78,6
DA:86,10
DA:88,3
DA:106,1
LF:7
LH:7
BRF:0
BRH:0
end_of_record
TN:
SF:src/screens/LicenseUpload/LicenseUpload.tsx
FN:22,LicenseUpload
FN:28,(anonymous_1)
FN:47,(anonymous_2)
FN:56,(anonymous_3)
FNF:4
FNH:4
FNDA:7,LicenseUpload
FNDA:3,(anonymous_1)
FNDA:1,(anonymous_2)
FNDA:1,(anonymous_3)
DA:23,7
DA:24,7
DA:25,7
DA:26,7
DA:28,7
DA:29,3
DA:30,3
DA:31,1
DA:32,1
DA:35,2
DA:42,2
DA:43,2
DA:47,7
DA:48,1
DA:56,7
DA:57,1
DA:65,7
LF:17
LH:17
BRDA:30,0,0,1
BRDA:30,0,1,2
BRDA:42,1,0,2
BRDA:42,1,1,0
BRDA:81,2,0,2
BRDA:81,2,1,5
BRDA:106,3,0,2
BRDA:106,3,1,5
BRDA:108,4,0,2
BRDA:108,4,1,5
BRDA:111,5,0,2
BRDA:111,5,1,5
BRF:12
BRH:11
end_of_record
TN:
SF:src/screens/LicenseUpload/licenseUploadStyles.ts
FNF:0
FNH:0
DA:4,1
LF:1
LH:1
BRF:0
BRH:0
end_of_record
TN:
SF:src/screens/LogCatch/LogCatchScreen.tsx
FN:30,LogCatchScreen
FN:38,(anonymous_1)
FN:52,(anonymous_2)
FN:66,(anonymous_3)
FN:82,(anonymous_4)
FN:110,(anonymous_5)
FN:132,(anonymous_6)
FN:138,(anonymous_7)
FN:144,(anonymous_8)
FNF:9
FNH:2
FNDA:2,LogCatchScreen
FNDA:2,(anonymous_1)
FNDA:0,(anonymous_2)
FNDA:0,(anonymous_3)
FNDA:0,(anonymous_4)
FNDA:0,(anonymous_5)
FNDA:0,(anonymous_6)
FNDA:0,(anonymous_7)
FNDA:0,(anonymous_8)
DA:31,2
DA:32,2
DA:33,2
DA:34,2
DA:35,2
DA:36,2
DA:38,2
DA:39,2
DA:41,2
DA:43,2
DA:45,2
DA:49,1
DA:52,0
DA:55,1
DA:60,1
DA:63,1
DA:67,0
DA:73,0
DA:74,0
DA:75,0
DA:76,0
DA:83,0
DA:89,0
DA:90,0
DA:91,0
DA:92,0
DA:102,0
DA:103,0
DA:110,2
DA:111,0
DA:112,0
DA:116,0
DA:119,0
DA:127,0
DA:129,0
DA:132,0
DA:135,0
DA:138,2
DA:139,0
DA:140,0
DA:144,2
DA:145,0
DA:146,0
DA:147,0
DA:148,0
DA:149,0
DA:153,2
DA:155,2
LF:48
LH:20
BRDA:45,0,0,1
BRDA:45,0,1,1
BRDA:46,1,0,2
BRDA:46,1,1,1
BRDA:73,2,0,0
BRDA:73,2,1,0
BRDA:89,3,0,0
BRDA:89,3,1,0
BRDA:111,4,0,0
BRDA:111,4,1,0
BRDA:139,5,0,0
BRDA:139,5,1,0
BRDA:145,6,0,0
BRDA:145,6,1,0
BRDA:153,7,0,2
BRDA:153,7,1,2
BRDA:153,7,2,2
BRDA:174,8,0,0
BRDA:174,8,1,2
BRDA:244,9,0,2
BRDA:244,9,1,2
BRF:21
BRH:10
end_of_record
TN:
SF:src/screens/LogCatch/logCatchStyles.ts
FNF:0
FNH:0
DA:4,1
LF:1
LH:1
BRF:0
BRH:0
end_of_record
TN:
SF:src/screens/Login/LoginContent.tsx
FN:19,(anonymous_0)
FNF:1
FNH:1
FNDA:6,(anonymous_0)
DA:19,2
DA:28,6
LF:2
LH:2
BRF:0
BRH:0
end_of_record
TN:
SF:src/screens/Login/LoginScreen.tsx
FN:28,LoginScreen
FN:33,(anonymous_1)
FN:50,(anonymous_2)
FN:79,(anonymous_3)
FN:83,(anonymous_4)
FN:89,(anonymous_5)
FNF:6
FNH:4
FNDA:3,LoginScreen
FNDA:0,(anonymous_1)
FNDA:1,(anonymous_2)
FNDA:1,(anonymous_3)
FNDA:1,(anonymous_4)
FNDA:0,(anonymous_5)
DA:29,3
DA:30,3
DA:31,3
DA:33,3
DA:34,0
DA:43,0
DA:50,3
DA:51,1
DA:52,1
DA:53,1
DA:56,0
DA:57,0
DA:58,0
DA:59,0
DA:62,0
DA:63,0
DA:65,0
DA:66,0
DA:67,0
DA:69,0
DA:70,0
DA:72,0
DA:79,3
DA:80,1
DA:83,3
DA:84,1
DA:87,3
DA:89,0
LF:28
LH:13
BRDA:45,0,0,0
BRDA:45,0,1,0
BRDA:51,1,0,1
BRDA:51,1,1,0
BRDA:51,2,0,1
BRDA:51,2,1,0
BRDA:57,3,0,0
BRDA:57,3,1,0
BRDA:92,4,0,3
BRDA:92,4,1,0
BRF:10
BRH:3
end_of_record
TN:
SF:src/screens/Login/loginStyles.ts
FNF:0
FNH:0
DA:3,2
DA:5,2
LF:2
LH:2
BRF:0
BRH:0
end_of_record
TN:
SF:src/screens/Map/MapScreen.tsx
FN:21,MapScreen
FN:31,(anonymous_1)
FN:32,(anonymous_2)
FN:45,(anonymous_3)
FN:50,(anonymous_4)
FN:64,(anonymous_5)
FN:71,(anonymous_6)
FN:94,(anonymous_7)
FN:98,(anonymous_8)
FN:112,(anonymous_9)
FN:127,(anonymous_10)
FN:142,(anonymous_11)
FN:154,(anonymous_12)
FNF:13
FNH:7
FNDA:6,MapScreen
FNDA:3,(anonymous_1)
FNDA:3,(anonymous_2)
FNDA:2,(anonymous_3)
FNDA:20,(anonymous_4)
FNDA:2,(anonymous_5)
FNDA:0,(anonymous_6)
FNDA:0,(anonymous_7)
FNDA:0,(anonymous_8)
FNDA:0,(anonymous_9)
FNDA:1,(anonymous_10)
FNDA:0,(anonymous_11)
FNDA:0,(anonymous_12)
DA:17,1
DA:22,6
DA:25,6
DA:26,6
DA:27,6
DA:28,6
DA:29,6
DA:31,6
DA:32,3
DA:33,3
DA:34,3
DA:35,1
DA:36,1
DA:39,2
DA:46,2
DA:47,2
DA:48,2
DA:50,2
DA:51,20
DA:57,20
DA:59,2
DA:60,2
DA:64,2
DA:65,2
DA:66,2
DA:67,2
DA:71,2
DA:76,6
DA:77,1
DA:85,5
DA:86,3
DA:94,2
DA:97,0
DA:98,0
DA:100,0
DA:103,0
DA:104,0
DA:105,0
DA:112,2
DA:113,0
DA:114,0
DA:116,0
DA:120,2
DA:127,1
DA:143,0
DA:154,0
DA:183,1
LF:47
LH:36
BRDA:34,0,0,1
BRDA:34,0,1,2
BRDA:66,1,0,2
BRDA:66,1,1,0
BRDA:76,2,0,1
BRDA:76,2,1,5
BRDA:85,3,0,3
BRDA:85,3,1,2
BRDA:97,4,0,0
BRDA:97,4,1,0
BRDA:106,5,0,0
BRDA:106,5,1,0
BRDA:113,6,0,0
BRDA:113,6,1,0
BRDA:153,7,0,0
BRDA:153,7,1,0
BRDA:171,8,0,2
BRDA:171,8,1,0
BRDA:174,9,0,2
BRDA:174,9,1,0
BRF:20
BRH:9
end_of_record
TN:
SF:src/screens/OTPVerification/OTPVerification.tsx
FN:29,(anonymous_0)
FN:37,(anonymous_1)
FN:84,(anonymous_2)
FNF:3
FNH:3
FNDA:7,(anonymous_0)
FNDA:2,(anonymous_1)
FNDA:1,(anonymous_2)
DA:29,1
DA:30,7
DA:31,7
DA:32,7
DA:33,7
DA:34,7
DA:35,7
DA:37,7
DA:38,2
DA:39,1
DA:40,1
DA:41,1
DA:43,1
DA:47,7
DA:84,1
DA:95,1
LF:16
LH:16
BRDA:38,0,0,1
BRDA:38,0,1,1
BRDA:38,1,0,2
BRDA:38,1,1,1
BRDA:70,2,0,1
BRDA:70,2,1,6
BRF:6
BRH:6
end_of_record
TN:
SF:src/screens/Profile/ProfileScreen.tsx
FN:33,ProfileScreen
FN:37,(anonymous_1)
FN:46,(anonymous_2)
FN:100,(anonymous_3)
FNF:4
FNH:3
FNDA:5,ProfileScreen
FNDA:2,(anonymous_1)
FNDA:2,(anonymous_2)
FNDA:0,(anonymous_3)
DA:34,5
DA:35,5
DA:37,5
DA:38,2
DA:47,2
DA:48,2
DA:49,2
DA:50,0
DA:54,2
DA:59,2
DA:60,1
DA:66,1
DA:69,1
DA:70,1
DA:73,1
DA:75,1
DA:76,1
DA:87,5
DA:88,1
DA:97,4
DA:98,1
DA:100,0
DA:108,3
DA:180,1
LF:24
LH:22
BRDA:49,0,0,0
BRDA:49,0,1,2
BRDA:59,1,0,1
BRDA:59,1,1,1
BRDA:87,2,0,1
BRDA:87,2,1,4
BRDA:97,3,0,1
BRDA:97,3,1,3
BRDA:123,4,0,3
BRDA:123,4,1,3
BRDA:133,5,0,3
BRDA:133,5,1,3
BRDA:138,6,0,3
BRDA:138,6,1,3
BRDA:149,7,0,3
BRDA:149,7,1,3
BRDA:157,8,0,3
BRDA:157,8,1,3
BRF:18
BRH:17
end_of_record
TN:
SF:src/screens/ProfileSetup/styles.ts
FNF:0
FNH:0
DA:3,2
DA:5,2
LF:2
LH:2
BRF:0
BRH:0
end_of_record
TN:
SF:src/screens/ProfileSetup/Experiences/ProfileExperiences.tsx
FN:26,ProfileSetupExperienceScreen
FN:35,(anonymous_1)
FN:64,(anonymous_2)
FNF:3
FNH:1
FNDA:3,ProfileSetupExperienceScreen
FNDA:0,(anonymous_1)
FNDA:0,(anonymous_2)
DA:27,3
DA:28,3
DA:29,3
DA:30,3
DA:31,0
DA:32,0
DA:33,0
DA:35,0
DA:36,0
DA:42,0
DA:47,0
DA:48,0
DA:53,0
DA:54,0
DA:55,0
DA:56,0
DA:57,0
DA:59,0
DA:60,0
DA:61,0
DA:65,0
DA:70,0
DA:75,0
LF:23
LH:4
BRDA:37,0,0,0
BRDA:37,0,1,0
BRDA:60,1,0,0
BRDA:60,1,1,0
BRDA:70,2,0,0
BRDA:70,2,1,0
BRF:6
BRH:0
end_of_record
TN:
SF:src/screens/ProfileSetup/Preferences/ProfilePreferences.tsx
FN:27,ProfilePreferences
FN:38,(anonymous_1)
FN:44,(anonymous_2)
FN:58,(anonymous_3)
FN:76,(anonymous_4)
FN:105,(anonymous_5)
FN:106,(anonymous_6)
FN:114,(anonymous_7)
FN:115,(anonymous_8)
FN:125,(anonymous_9)
FN:126,(anonymous_10)
FN:136,(anonymous_11)
FN:137,(anonymous_12)
FN:147,(anonymous_13)
FN:148,(anonymous_14)
FNF:15
FNH:15
FNDA:30,ProfilePreferences
FNDA:20,(anonymous_1)
FNDA:1,(anonymous_2)
FNDA:1,(anonymous_3)
FNDA:570,(anonymous_4)
FNDA:90,(anonymous_5)
FNDA:2,(anonymous_6)
FNDA:120,(anonymous_7)
FNDA:5,(anonymous_8)
FNDA:120,(anonymous_9)
FNDA:5,(anonymous_10)
FNDA:120,(anonymous_11)
FNDA:5,(anonymous_12)
FNDA:120,(anonymous_13)
FNDA:5,(anonymous_14)
DA:28,30
DA:29,30
DA:30,30
DA:32,30
DA:33,30
DA:34,30
DA:35,30
DA:36,30
DA:38,30
DA:43,20
DA:44,1
DA:46,19
DA:50,30
DA:58,30
DA:59,1
DA:67,1
DA:76,30
DA:81,570
DA:90,30
DA:106,90
DA:115,120
DA:116,5
DA:126,120
DA:127,5
DA:137,120
DA:138,5
DA:148,120
DA:149,5
LF:28
LH:28
BRDA:43,0,0,1
BRDA:43,0,1,19
BRDA:70,1,0,1
BRDA:70,1,1,1
BRDA:83,2,0,570
BRDA:83,2,1,62
BRF:6
BRH:6
end_of_record
TN:
SF:src/screens/ProfileSetup/UserAccountSetup/UserAccountSetup.tsx
FN:29,ProfileSetupBasicScreen
FN:55,(anonymous_1)
FN:63,(anonymous_2)
FN:78,(anonymous_3)
FN:94,(anonymous_4)
FN:109,(anonymous_5)
FN:118,(anonymous_6)
FN:132,(anonymous_7)
FN:193,(anonymous_8)
FN:201,(anonymous_9)
FN:209,(anonymous_10)
FN:222,(anonymous_11)
FN:241,(anonymous_12)
FNF:13
FNH:0
FNDA:0,ProfileSetupBasicScreen
FNDA:0,(anonymous_1)
FNDA:0,(anonymous_2)
FNDA:0,(anonymous_3)
FNDA:0,(anonymous_4)
FNDA:0,(anonymous_5)
FNDA:0,(anonymous_6)
FNDA:0,(anonymous_7)
FNDA:0,(anonymous_8)
FNDA:0,(anonymous_9)
FNDA:0,(anonymous_10)
FNDA:0,(anonymous_11)
FNDA:0,(anonymous_12)
DA:31,0
DA:38,0
DA:39,0
DA:40,0
DA:41,0
DA:42,0
DA:43,0
DA:44,0
DA:45,0
DA:46,0
DA:47,0
DA:49,0
DA:50,0
DA:53,0
DA:55,0
DA:56,0
DA:57,0
DA:58,0
DA:60,0
DA:63,0
DA:64,0
DA:65,0
DA:66,0
DA:67,0
DA:69,0
DA:75,0
DA:78,0
DA:79,0
DA:87,0
DA:88,0
DA:90,0
DA:91,0
DA:94,0
DA:95,0
DA:96,0
DA:104,0
DA:109,0
DA:110,0
DA:111,0
DA:112,0
DA:114,0
DA:118,0
DA:119,0
DA:120,0
DA:121,0
DA:123,0
DA:125,0
DA:126,0
DA:128,0
DA:132,0
DA:133,0
DA:136,0
DA:193,0
DA:201,0
DA:209,0
DA:222,0
DA:242,0
LF:57
LH:0
BRDA:53,0,0,0
BRDA:53,0,1,0
BRDA:53,0,2,0
BRDA:53,0,3,0
BRDA:57,1,0,0
BRDA:57,1,1,0
BRDA:65,2,0,0
BRDA:65,2,1,0
BRDA:75,3,0,0
BRDA:75,3,1,0
BRDA:83,4,0,0
BRDA:83,4,1,0
BRDA:87,5,0,0
BRDA:87,5,1,0
BRDA:95,6,0,0
BRDA:95,6,1,0
BRDA:100,7,0,0
BRDA:100,7,1,0
BRDA:111,8,0,0
BRDA:111,8,1,0
BRDA:111,9,0,0
BRDA:111,9,1,0
BRDA:120,10,0,0
BRDA:120,10,1,0
BRDA:125,11,0,0
BRDA:125,11,1,0
BRDA:125,12,0,0
BRDA:125,12,1,0
BRDA:142,13,0,0
BRDA:142,13,1,0
BRDA:156,14,0,0
BRDA:156,14,1,0
BRDA:211,15,0,0
BRDA:211,15,1,0
BRDA:224,16,0,0
BRDA:224,16,1,0
BRDA:229,17,0,0
BRDA:229,17,1,0
BRDA:239,18,0,0
BRDA:239,18,1,0
BRF:40
BRH:0
end_of_record
TN:
SF:src/screens/ProfileSetup/UserAccountSetup/formValidation.ts
FN:3,(anonymous_0)
FNF:1
FNH:1
FNDA:13,(anonymous_0)
DA:3,1
DA:4,13
DA:6,13
DA:7,3
DA:10,13
DA:11,1
DA:12,12
DA:13,5
DA:16,13
DA:17,1
DA:19,12
DA:20,12
DA:21,12
DA:22,12
DA:23,12
DA:24,2
DA:26,12
DA:27,1
DA:29,12
DA:30,2
DA:32,12
DA:33,2
DA:39,13
LF:23
LH:23
BRDA:6,0,0,3
BRDA:6,0,1,10
BRDA:10,1,0,1
BRDA:10,1,1,12
BRDA:12,2,0,5
BRDA:12,2,1,7
BRDA:16,3,0,1
BRDA:16,3,1,12
BRDA:23,4,0,2
BRDA:23,4,1,10
BRDA:26,5,0,1
BRDA:26,5,1,11
BRDA:29,6,0,2
BRDA:29,6,1,10
BRDA:32,7,0,2
BRDA:32,7,1,10
BRF:16
BRH:16
end_of_record
TN:
SF:src/screens/ProfileSetup/UserAccountSetup/hooks.ts
FN:8,(anonymous_0)
FN:13,(anonymous_1)
FN:14,(anonymous_2)
FN:36,(anonymous_3)
FN:39,(anonymous_4)
FN:42,(anonymous_5)
FN:43,(anonymous_6)
FNF:7
FNH:0
FNDA:0,(anonymous_0)
FNDA:0,(anonymous_1)
FNDA:0,(anonymous_2)
FNDA:0,(anonymous_3)
FNDA:0,(anonymous_4)
FNDA:0,(anonymous_5)
FNDA:0,(anonymous_6)
DA:8,0
DA:9,0
DA:10,0
DA:11,0
DA:13,0
DA:14,0
DA:15,0
DA:16,0
DA:17,0
DA:18,0
DA:19,0
DA:23,0
DA:24,0
DA:28,0
DA:33,0
DA:36,0
DA:37,0
DA:39,0
DA:40,0
DA:41,0
DA:42,0
DA:43,0
DA:47,0
LF:23
LH:0
BRDA:17,0,0,0
BRDA:17,0,1,0
BRDA:40,1,0,0
BRDA:40,1,1,0
BRDA:40,2,0,0
BRDA:40,2,1,0
BRF:6
BRH:0
end_of_record
TN:
SF:src/screens/ProfileSetup/UserAccountSetup/types.ts
FNF:0
FNH:0
LF:0
LH:0
BRF:0
BRH:0
end_of_record
TN:
SF:src/screens/ProfileSetup/UserAccountSetup/userAccountStyles.ts
FNF:0
FNH:0
DA:4,0
DA:6,0
DA:7,0
DA:9,0
LF:4
LH:0
BRF:0
BRH:0
end_of_record
TN:
SF:src/screens/ResetPassword/ResetPassword.tsx
FN:12,ResetPasswordScreen
FN:16,(anonymous_1)
FN:27,(anonymous_2)
FNF:3
FNH:2
FNDA:2,ResetPasswordScreen
FNDA:1,(anonymous_1)
FNDA:0,(anonymous_2)
DA:13,2
DA:14,1
DA:16,1
DA:17,1
DA:18,1
DA:19,1
DA:22,0
DA:23,0
DA:24,0
DA:27,0
DA:30,0
DA:31,0
DA:35,1
DA:62,1
LF:14
LH:8
BRDA:17,0,0,1
BRDA:17,0,1,0
BRF:2
BRH:1
end_of_record
TN:
SF:src/screens/TripAssistant/TripAssistantBase.tsx
FN:8,(anonymous_0)
FNF:1
FNH:1
FNDA:24,(anonymous_0)
DA:8,4
DA:17,24
DA:30,4
LF:3
LH:3
BRDA:23,0,0,24
BRDA:23,0,1,15
BRF:2
BRH:2
end_of_record
TN:
SF:src/screens/TripAssistant/TripProgressBar.tsx
FN:15,TripProgressBar
FNF:1
FNH:1
FNDA:47,TripProgressBar
DA:16,47
DA:17,47
DA:19,47
DA:20,47
DA:22,47
DA:54,6
LF:6
LH:6
BRF:0
BRH:0
end_of_record
TN:
SF:src/screens/TripAssistant/TripWeatherScreen.tsx
FN:14,TripWeatherScreen
FN:23,(anonymous_1)
FN:24,(anonymous_2)
FN:39,(anonymous_3)
FN:100,(anonymous_4)
FN:108,(anonymous_5)
FNF:6
FNH:4
FNDA:2,TripWeatherScreen
FNDA:1,(anonymous_1)
FNDA:1,(anonymous_2)
FNDA:1,(anonymous_3)
FNDA:0,(anonymous_4)
FNDA:0,(anonymous_5)
DA:12,1
DA:15,2
DA:16,2
DA:17,2
DA:18,2
DA:19,2
DA:21,2
DA:23,2
DA:24,1
DA:25,1
DA:30,1
DA:31,1
DA:32,1
DA:33,1
DA:35,1
DA:39,2
DA:40,1
DA:41,1
DA:49,2
DA:50,1
DA:58,1
DA:101,0
DA:109,0
DA:124,1
LF:24
LH:22
BRDA:28,0,0,1
BRDA:28,0,1,0
BRDA:30,1,0,1
BRDA:30,1,1,0
BRDA:33,2,0,1
BRDA:33,2,1,0
BRDA:40,3,0,0
BRDA:40,3,1,1
BRDA:42,4,0,1
BRDA:42,4,1,0
BRDA:42,4,2,0
BRDA:42,4,3,0
BRDA:49,5,0,1
BRDA:49,5,1,1
BRDA:72,6,0,1
BRDA:72,6,1,0
BRDA:83,7,0,1
BRDA:83,7,1,1
BRDA:90,8,0,0
BRDA:90,8,1,1
BRF:20
BRH:11
end_of_record
TN:
SF:src/screens/TripAssistant/CheckList/TripCheckList.tsx
FN:35,TripChecklist
FN:41,(anonymous_1)
FN:42,(anonymous_2)
FN:59,(anonymous_3)
FN:66,(anonymous_4)
FN:73,(anonymous_5)
FN:74,(anonymous_6)
FN:75,(anonymous_7)
FN:79,(anonymous_8)
FN:80,(anonymous_9)
FN:80,(anonymous_10)
FN:81,(anonymous_11)
FN:81,(anonymous_12)
FN:84,(anonymous_13)
FN:86,(anonymous_14)
FN:125,(anonymous_15)
FN:127,(anonymous_16)
FN:134,(anonymous_17)
FN:148,(anonymous_18)
FN:168,(anonymous_19)
FN:179,(anonymous_20)
FNF:21
FNH:20
FNDA:21,TripChecklist
FNDA:7,(anonymous_1)
FNDA:7,(anonymous_2)
FNDA:17,(anonymous_3)
FNDA:11,(anonymous_4)
FNDA:2,(anonymous_5)
FNDA:2,(anonymous_6)
FNDA:1,(anonymous_7)
FNDA:1,(anonymous_8)
FNDA:1,(anonymous_9)
FNDA:1,(anonymous_10)
FNDA:1,(anonymous_11)
FNDA:0,(anonymous_12)
FNDA:1,(anonymous_13)
FNDA:1,(anonymous_14)
FNDA:65,(anonymous_15)
FNDA:48,(anonymous_16)
FNDA:2,(anonymous_17)
FNDA:1,(anonymous_18)
FNDA:1,(anonymous_19)
FNDA:1,(anonymous_20)
DA:18,1
DA:20,1
DA:36,21
DA:37,20
DA:38,20
DA:39,20
DA:41,20
DA:42,7
DA:43,7
DA:46,7
DA:50,7
DA:51,3
DA:53,7
DA:56,7
DA:59,20
DA:60,17
DA:66,20
DA:67,11
DA:73,20
DA:74,2
DA:75,2
DA:79,20
DA:80,1
DA:81,1
DA:84,20
DA:85,1
DA:86,1
DA:87,1
DA:91,20
DA:125,65
DA:128,48
DA:129,48
DA:131,48
DA:134,2
DA:148,1
DA:169,1
DA:170,1
DA:179,1
LF:38
LH:38
BRDA:50,0,0,4
BRDA:50,0,1,3
BRDA:53,1,0,0
BRDA:53,1,1,7
BRDA:75,2,0,1
BRDA:75,2,1,1
BRDA:85,3,0,1
BRDA:85,3,1,0
BRDA:141,4,0,48
BRDA:141,4,1,1
BRDA:146,5,0,48
BRDA:146,5,1,8
BRF:12
BRH:10
end_of_record
TN:
SF:src/screens/TripAssistant/CheckList/checkListStyles.ts
FNF:0
FNH:0
DA:2,1
LF:1
LH:1
BRF:0
BRH:0
end_of_record
TN:
SF:src/screens/TripAssistant/EndTime/TripEndTime.tsx
FN:24,TripEndTime
FN:33,(anonymous_1)
FN:37,(anonymous_2)
FN:43,(anonymous_3)
FN:44,(anonymous_4)
FN:49,(anonymous_5)
FN:79,(anonymous_6)
FN:148,(anonymous_7)
FN:182,(anonymous_8)
FN:203,(anonymous_9)
FN:211,(anonymous_10)
FNF:11
FNH:6
FNDA:10,TripEndTime
FNDA:2,(anonymous_1)
FNDA:1,(anonymous_2)
FNDA:4,(anonymous_3)
FNDA:4,(anonymous_4)
FNDA:0,(anonymous_5)
FNDA:1,(anonymous_6)
FNDA:0,(anonymous_7)
FNDA:0,(anonymous_8)
FNDA:0,(anonymous_9)
FNDA:0,(anonymous_10)
DA:22,1
DA:25,10
DA:26,10
DA:27,10
DA:29,10
DA:30,9
DA:31,9
DA:33,9
DA:34,2
DA:37,9
DA:38,1
DA:39,1
DA:43,9
DA:44,4
DA:45,4
DA:49,9
DA:50,0
DA:51,0
DA:52,0
DA:59,0
DA:61,0
DA:74,0
DA:75,0
DA:79,9
DA:80,1
DA:86,9
DA:149,0
DA:182,0
DA:203,0
DA:211,0
LF:30
LH:19
BRDA:38,0,0,1
BRDA:38,0,1,0
BRDA:45,1,0,4
BRDA:45,1,1,4
BRDA:88,2,0,9
BRDA:88,2,1,0
BRDA:100,3,0,2
BRDA:100,3,1,7
BRDA:160,4,0,2
BRDA:160,4,1,7
BRDA:189,5,0,2
BRDA:189,5,1,7
BRF:12
BRH:10
end_of_record
TN:
SF:src/screens/TripAssistant/EndTime/endTimeStyles.ts
FNF:0
FNH:0
DA:4,1
LF:1
LH:1
BRF:0
BRH:0
end_of_record
TN:
SF:src/screens/TripAssistant/License/TripLicense.tsx
FN:12,TripLicense
FN:32,(anonymous_1)
FN:42,(anonymous_2)
FN:57,(anonymous_3)
FNF:4
FNH:4
FNDA:4,TripLicense
FNDA:1,(anonymous_1)
FNDA:1,(anonymous_2)
FNDA:1,(anonymous_3)
DA:10,1
DA:13,4
DA:14,4
DA:15,4
DA:17,4
DA:33,1
DA:43,1
DA:58,1
LF:8
LH:8
BRF:0
BRH:0
end_of_record
TN:
SF:src/screens/TripAssistant/License/licenseStyles.ts
FNF:0
FNH:0
DA:4,1
LF:1
LH:1
BRF:0
BRH:0
end_of_record
TN:
SF:src/screens/TripAssistant/Location/TripLocation.tsx
FN:21,TripLocation
FN:28,(anonymous_1)
FN:29,(anonymous_2)
FN:42,(anonymous_3)
FN:93,(anonymous_4)
FN:100,(anonymous_5)
FNF:6
FNH:6
FNDA:7,TripLocation
FNDA:4,(anonymous_1)
FNDA:4,(anonymous_2)
FNDA:6,(anonymous_3)
FNDA:6,(anonymous_4)
FNDA:1,(anonymous_5)
DA:19,1
DA:22,7
DA:23,7
DA:24,7
DA:25,7
DA:26,7
DA:28,7
DA:29,4
DA:30,4
DA:31,4
DA:32,2
DA:33,2
DA:36,2
DA:37,2
DA:38,2
DA:42,7
DA:43,6
DA:44,5
DA:45,4
DA:48,7
DA:49,4
DA:63,3
DA:94,6
DA:100,1
LF:24
LH:24
BRDA:31,0,0,2
BRDA:31,0,1,2
BRDA:43,1,0,1
BRDA:43,1,1,5
BRDA:44,2,0,1
BRDA:44,2,1,4
BRDA:48,3,0,4
BRDA:48,3,1,3
BRF:8
BRH:8
end_of_record
TN:
SF:src/screens/TripAssistant/Location/TripLocationOverlay.tsx
FN:11,TripLocationOverlay
FN:72,(anonymous_1)
FN:88,(anonymous_2)
FNF:3
FNH:3
FNDA:8,TripLocationOverlay
FNDA:1,(anonymous_1)
FNDA:1,(anonymous_2)
DA:9,2
DA:16,8
DA:73,1
DA:89,1
LF:4
LH:4
BRDA:65,0,0,3
BRDA:65,0,1,5
BRF:2
BRH:2
end_of_record
TN:
SF:src/screens/TripAssistant/Location/tripLocationStyles.ts
FNF:0
FNH:0
DA:4,2
LF:1
LH:1
BRF:0
BRH:0
end_of_record
TN:
SF:src/screens/TripAssistant/TripIntro/TripIntro.tsx
FN:12,TripIntro
FN:36,(anonymous_1)
FNF:2
FNH:0
FNDA:0,TripIntro
FNDA:0,(anonymous_1)
DA:13,0
DA:15,0
DA:36,0
LF:3
LH:0
BRF:0
BRH:0
end_of_record
TN:
SF:src/screens/TripAssistant/TripIntro/tripIntroStyles.ts
FNF:0
FNH:0
DA:3,0
DA:5,0
LF:2
LH:0
BRF:0
BRH:0
end_of_record
TN:
SF:src/screens/TripAssistant/TripStart/TripStart.tsx
FN:14,TripStart
FN:20,(anonymous_1)
FN:24,(anonymous_2)
FNF:3
FNH:3
FNDA:8,TripStart
FNDA:4,(anonymous_1)
FNDA:1,(anonymous_2)
DA:12,1
DA:15,8
DA:16,8
DA:17,8
DA:18,8
DA:20,8
DA:21,4
DA:24,8
DA:25,1
DA:45,8
DA:99,1
LF:11
LH:11
BRDA:53,0,0,8
BRDA:53,0,1,4
BRDA:75,1,0,8
BRDA:75,1,1,8
BRF:4
BRH:4
end_of_record
TN:
SF:src/screens/TripAssistant/Weather/TripWeather.tsx
FN:14,TripWeather
FN:23,(anonymous_1)
FN:24,(anonymous_2)
FN:39,(anonymous_3)
FN:96,(anonymous_4)
FN:105,(anonymous_5)
FNF:6
FNH:6
FNDA:10,TripWeather
FNDA:5,(anonymous_1)
FNDA:5,(anonymous_2)
FNDA:5,(anonymous_3)
FNDA:1,(anonymous_4)
FNDA:1,(anonymous_5)
DA:12,1
DA:15,10
DA:16,10
DA:17,10
DA:18,10
DA:19,10
DA:21,10
DA:23,10
DA:24,5
DA:25,5
DA:30,5
DA:31,5
DA:32,5
DA:33,5
DA:35,5
DA:39,10
DA:40,5
DA:41,5
DA:49,10
DA:50,5
DA:58,5
DA:97,1
DA:106,1
LF:23
LH:23
BRDA:28,0,0,5
BRDA:28,0,1,0
BRDA:30,1,0,5
BRDA:30,1,1,0
BRDA:33,2,0,5
BRDA:33,2,1,0
BRDA:40,3,0,0
BRDA:40,3,1,5
BRDA:42,4,0,5
BRDA:42,4,1,4
BRDA:42,4,2,4
BRDA:42,4,3,4
BRDA:49,5,0,5
BRDA:49,5,1,5
BRDA:67,6,0,5
BRDA:67,6,1,0
BRDA:78,7,0,5
BRDA:78,7,1,5
BRDA:85,8,0,4
BRDA:85,8,1,1
BRF:20
BRH:15
end_of_record
TN:
SF:src/screens/TripAssistant/Weather/weatherStyles.ts
FNF:0
FNH:0
DA:4,1
LF:1
LH:1
BRF:0
BRH:0
end_of_record
TN:
SF:src/screens/Welcome/Welcome.tsx
FN:10,Welcome
FN:13,(anonymous_1)
FN:17,(anonymous_2)
FNF:3
FNH:3
FNDA:3,Welcome
FNDA:1,(anonymous_1)
FNDA:1,(anonymous_2)
DA:11,3
DA:13,3
DA:14,1
DA:17,3
DA:18,1
DA:21,3
LF:6
LH:6
BRF:0
BRH:0
end_of_record
TN:
SF:src/screens/Welcome/WelcomeContent.tsx
FN:11,(anonymous_0)
FNF:1
FNH:1
FNDA:3,(anonymous_0)
DA:9,1
DA:11,1
DA:15,3
LF:3
LH:3
BRF:0
BRH:0
end_of_record
TN:
SF:src/screens/Welcome/welcomeStyles.ts
FNF:0
FNH:0
DA:3,0
DA:5,0
DA:6,0
DA:7,0
DA:12,0
LF:5
LH:0
BRF:0
BRH:0
end_of_record
TN:
SF:src/services/firebase/firebase.ts
FNF:0
FNH:0
DA:7,11
DA:17,11
DA:19,11
LF:3
LH:3
BRDA:17,0,0,8
BRDA:17,0,1,3
BRF:2
BRH:2
end_of_record
TN:
SF:src/services/profileStorage/profileStorage.ts
FN:9,(anonymous_0)
FN:13,(anonymous_1)
FN:39,(anonymous_2)
FNF:3
FNH:3
FNDA:2,(anonymous_0)
FNDA:3,(anonymous_1)
FNDA:3,(anonymous_2)
DA:7,2
DA:9,2
DA:10,2
DA:13,2
DA:14,3
DA:15,3
DA:16,1
DA:17,1
DA:20,2
DA:22,2
DA:33,2
DA:34,1
DA:35,1
DA:39,2
DA:40,3
DA:42,3
DA:48,3
DA:49,1
DA:50,1
DA:52,2
DA:53,1
LF:21
LH:21
BRDA:15,0,0,1
BRDA:15,0,1,2
BRDA:33,1,0,1
BRDA:33,1,1,1
BRDA:48,2,0,1
BRDA:48,2,1,2
BRF:6
BRH:6
end_of_record
TN:
SF:src/services/storage/storage.ts
FN:6,(anonymous_0)
FN:17,(anonymous_1)
FN:27,(anonymous_2)
FNF:3
FNH:3
FNDA:3,(anonymous_0)
FNDA:3,(anonymous_1)
FNDA:2,(anonymous_2)
DA:4,2
DA:6,2
DA:7,3
DA:8,3
DA:9,2
DA:10,2
DA:11,2
DA:13,1
DA:17,2
DA:18,3
DA:19,3
DA:20,2
DA:22,1
DA:23,1
DA:27,2
DA:28,2
DA:29,2
DA:31,1
LF:18
LH:18
BRDA:9,0,0,1
BRDA:9,0,1,1
BRDA:20,1,0,1
BRDA:20,1,1,1
BRF:4
BRH:4
end_of_record
TN:
SF:src/services/supabase/supabase.ts
FNF:0
FNH:0
DA:4,2
DA:6,2
DA:8,2
LF:3
LH:3
BRF:0
BRH:0
end_of_record
TN:
SF:src/services/weather/weather.ts
FN:14,getWeatherForCoordinatesWithCache
FNF:1
FNH:1
FNDA:5,getWeatherForCoordinatesWithCache
DA:1,1
DA:2,1
DA:11,1
DA:12,1
DA:19,5
DA:20,5
DA:22,5
DA:23,5
DA:24,5
DA:25,3
DA:26,2
DA:28,2
DA:29,1
DA:33,1
DA:36,4
DA:37,4
DA:40,3
DA:42,3
DA:47,3
DA:51,3
DA:53,3
DA:55,1
DA:56,1
LF:23
LH:23
BRDA:24,0,0,3
BRDA:24,0,1,2
BRDA:28,1,0,1
BRDA:28,1,1,1
BRF:4
BRH:4
end_of_record
TN:
SF:src/test-utils/testWrapper.tsx
FN:4,(anonymous_0)
FNF:1
FNH:0
FNDA:0,(anonymous_0)
DA:4,0
DA:5,0
LF:2
LH:0
BRF:0
BRH:0
end_of_record
TN:
SF:src/theme/colors.ts
FNF:0
FNH:0
DA:1,15
LF:1
LH:1
BRF:0
BRH:0
end_of_record
TN:
SF:src/types/navigationTypes.ts
FNF:0
FNH:0
LF:0
LH:0
BRF:0
BRH:0
end_of_record
TN:
SF:src/types/types.ts
FNF:0
FNH:0
LF:0
LH:0
BRF:0
BRH:0
end_of_record
TN:
SF:src/utils/authentication/authentication.ts
FN:4,(anonymous_0)
FN:5,(anonymous_1)
FN:6,(anonymous_2)
FN:19,sendEmailWithOtp
FNF:4
FNH:4
FNDA:2,(anonymous_0)
FNDA:2,(anonymous_1)
FNDA:2,(anonymous_2)
FNDA:3,sendEmailWithOtp
DA:4,3
DA:5,2
DA:6,2
DA:7,2
DA:8,1
DA:10,1
DA:12,2
DA:13,0
DA:20,3
DA:21,3
DA:22,3
DA:24,3
DA:25,3
DA:32,2
DA:33,2
DA:34,1
DA:36,1
DA:39,1
LF:18
LH:17
BRDA:7,0,0,1
BRDA:7,0,1,1
BRDA:12,1,0,0
BRDA:12,1,1,2
BRDA:33,2,0,1
BRDA:33,2,1,1
BRF:6
BRH:5
end_of_record
TN:
SF:src/utils/encryption/encryption.ts
FN:6,(anonymous_0)
FN:11,(anonymous_1)
FNF:2
FNH:2
FNDA:2,(anonymous_0)
FNDA:2,(anonymous_1)
DA:4,3
DA:6,3
DA:7,2
DA:8,2
DA:11,3
DA:12,2
DA:13,2
DA:14,2
LF:8
LH:8
BRF:0
BRH:0
end_of_record
TN:
SF:src/utils/location/locationUtils.ts
FN:3,(anonymous_0)
FN:29,(anonymous_1)
FN:35,(anonymous_2)
FNF:3
FNH:3
FNDA:1,(anonymous_0)
FNDA:22,(anonymous_1)
FNDA:88,(anonymous_2)
DA:3,2
DA:7,1
DA:8,1
DA:13,1
DA:14,1
DA:15,1
DA:16,1
DA:17,1
DA:18,1
DA:19,1
DA:20,1
DA:22,0
DA:24,0
DA:25,0
DA:29,2
DA:35,88
DA:37,22
DA:38,22
DA:39,22
DA:42,22
DA:48,22
DA:49,22
LF:22
LH:19
BRDA:13,0,0,1
BRDA:13,0,1,0
BRDA:13,1,0,1
BRDA:13,1,1,1
BRDA:16,2,0,0
BRDA:16,2,1,1
BRDA:17,3,0,1
BRDA:17,3,1,0
BRDA:18,4,0,1
BRDA:18,4,1,0
BRDA:19,5,0,1
BRDA:19,5,1,0
BRF:12
BRH:7
end_of_record
TN:
SF:src/utils/map/mapUtils.ts
FN:8,getCurrentLocation
FN:17,getNearbySpots
FN:24,(anonymous_2)
FN:30,getFavoriteSpotIds
FNF:4
FNH:4
FNDA:2,getCurrentLocation
FNDA:3,getNearbySpots
FNDA:30,(anonymous_2)
FNDA:2,getFavoriteSpotIds
DA:6,1
DA:9,2
DA:10,2
DA:11,1
DA:14,1
DA:21,3
DA:22,3
DA:24,3
DA:25,30
DA:26,30
DA:31,2
DA:32,2
LF:12
LH:12
BRDA:10,0,0,1
BRDA:10,0,1,1
BRDA:19,1,0,0
BRDA:32,2,0,1
BRDA:32,2,1,1
BRF:5
BRH:4
end_of_record
TN:
SF:src/utils/tripMonitorAlerts/tripMonitorAlert.ts
FN:4,checkTripEndAndAlert
FN:29,(anonymous_1)
FNF:2
FNH:2
FNDA:5,checkTripEndAndAlert
FNDA:1,(anonymous_1)
DA:5,5
DA:6,5
DA:7,5
DA:8,5
DA:10,5
DA:12,3
DA:13,3
DA:15,3
DA:16,3
DA:17,3
DA:19,3
DA:30,1
DA:33,1
DA:36,1
DA:40,1
LF:15
LH:15
BRDA:10,0,0,2
BRDA:10,0,1,3
BRDA:10,1,0,5
BRDA:10,1,1,4
BRDA:17,2,0,3
BRDA:17,2,1,0
BRDA:17,3,0,3
BRDA:17,3,1,3
BRDA:36,4,0,1
BRDA:36,4,1,0
BRF:10
BRH:8
end_of_record
